{"E:\\mybrand-backend\\src\\app.js": {"path":"E:\\mybrand-backend\\src\\app.js","statementMap":{"0":{"start":{"line":11,"column":0},"end":{"line":11,"column":35}},"1":{"start":{"line":13,"column":0},"end":{"line":13,"column":16}},"2":{"start":{"line":15,"column":12},"end":{"line":15,"column":21}},"3":{"start":{"line":18,"column":0},"end":{"line":18,"column":16}},"4":{"start":{"line":19,"column":0},"end":{"line":19,"column":27}},"5":{"start":{"line":21,"column":0},"end":{"line":23,"column":2}},"6":{"start":{"line":22,"column":4},"end":{"line":22,"column":112}},"7":{"start":{"line":25,"column":10},"end":{"line":25,"column":14}},"8":{"start":{"line":26,"column":0},"end":{"line":36,"column":1}},"9":{"start":{"line":27,"column":4},"end":{"line":30,"column":7}},"10":{"start":{"line":32,"column":4},"end":{"line":35,"column":7}},"11":{"start":{"line":38,"column":0},"end":{"line":40,"column":1}},"12":{"start":{"line":39,"column":4},"end":{"line":39,"column":46}},"13":{"start":{"line":41,"column":0},"end":{"line":41,"column":30}}},"fnMap":{"0":{"name":"(anonymous_0)","decl":{"start":{"line":21,"column":13},"end":{"line":21,"column":14}},"loc":{"start":{"line":21,"column":27},"end":{"line":23,"column":1}},"line":21}},"branchMap":{"0":{"loc":{"start":{"line":26,"column":0},"end":{"line":36,"column":1}},"type":"if","locations":[{"start":{"line":26,"column":0},"end":{"line":36,"column":1}},{"start":{"line":31,"column":7},"end":{"line":36,"column":1}}],"line":26},"1":{"loc":{"start":{"line":38,"column":0},"end":{"line":40,"column":1}},"type":"if","locations":[{"start":{"line":38,"column":0},"end":{"line":40,"column":1}},{"start":{},"end":{}}],"line":38}},"s":{"0":3,"1":3,"2":3,"3":3,"4":3,"5":3,"6":0,"7":3,"8":3,"9":3,"10":0,"11":3,"12":3,"13":3},"f":{"0":0},"b":{"0":[3,0],"1":[3,0]},"_coverageSchema":"1a1c01bbd47fc00a2c39e90264f33305004495a9","hash":"631f490dff38d4084d2a27463a2ceeb2cf40207e"}
,"E:\\mybrand-backend\\src\\controllers\\blogController.js": {"path":"E:\\mybrand-backend\\src\\controllers\\blogController.js","statementMap":{"0":{"start":{"line":10,"column":8},"end":{"line":19,"column":9}},"1":{"start":{"line":11,"column":26},"end":{"line":11,"column":43}},"2":{"start":{"line":12,"column":12},"end":{"line":14,"column":15}},"3":{"start":{"line":16,"column":35},"end":{"line":16,"column":48}},"4":{"start":{"line":17,"column":27},"end":{"line":17,"column":30}},"5":{"start":{"line":18,"column":12},"end":{"line":18,"column":51}},"6":{"start":{"line":24,"column":12},"end":{"line":41,"column":13}},"7":{"start":{"line":25,"column":31},"end":{"line":25,"column":41}},"8":{"start":{"line":26,"column":29},"end":{"line":26,"column":60}},"9":{"start":{"line":27,"column":16},"end":{"line":35,"column":17}},"10":{"start":{"line":28,"column":20},"end":{"line":30,"column":23}},"11":{"start":{"line":32,"column":20},"end":{"line":34,"column":23}},"12":{"start":{"line":37,"column":16},"end":{"line":37,"column":43}},"13":{"start":{"line":38,"column":39},"end":{"line":38,"column":52}},"14":{"start":{"line":39,"column":31},"end":{"line":39,"column":34}},"15":{"start":{"line":40,"column":16},"end":{"line":40,"column":55}},"16":{"start":{"line":45,"column":8},"end":{"line":45,"column":24}},"17":{"start":{"line":46,"column":8},"end":{"line":50,"column":11}},"18":{"start":{"line":51,"column":8},"end":{"line":70,"column":9}},"19":{"start":{"line":52,"column":12},"end":{"line":64,"column":15}},"20":{"start":{"line":53,"column":16},"end":{"line":55,"column":17}},"21":{"start":{"line":54,"column":20},"end":{"line":54,"column":52}},"22":{"start":{"line":56,"column":51},"end":{"line":56,"column":59}},"23":{"start":{"line":57,"column":16},"end":{"line":57,"column":36}},"24":{"start":{"line":58,"column":32},"end":{"line":58,"column":99}},"25":{"start":{"line":60,"column":16},"end":{"line":63,"column":18}},"26":{"start":{"line":69,"column":12},"end":{"line":69,"column":31}},"27":{"start":{"line":75,"column":8},"end":{"line":101,"column":9}},"28":{"start":{"line":76,"column":27},"end":{"line":76,"column":37}},"29":{"start":{"line":79,"column":39},"end":{"line":79,"column":47}},"30":{"start":{"line":82,"column":24},"end":{"line":82,"column":26}},"31":{"start":{"line":83,"column":32},"end":{"line":83,"column":100}},"32":{"start":{"line":85,"column":12},"end":{"line":95,"column":13}},"33":{"start":{"line":86,"column":16},"end":{"line":88,"column":19}},"34":{"start":{"line":91,"column":16},"end":{"line":94,"column":19}},"35":{"start":{"line":98,"column":35},"end":{"line":98,"column":48}},"36":{"start":{"line":99,"column":27},"end":{"line":99,"column":30}},"37":{"start":{"line":100,"column":12},"end":{"line":100,"column":51}},"38":{"start":{"line":106,"column":8},"end":{"line":127,"column":9}},"39":{"start":{"line":107,"column":27},"end":{"line":107,"column":37}},"40":{"start":{"line":110,"column":24},"end":{"line":110,"column":26}},"41":{"start":{"line":112,"column":36},"end":{"line":112,"column":69}},"42":{"start":{"line":114,"column":12},"end":{"line":122,"column":13}},"43":{"start":{"line":115,"column":16},"end":{"line":117,"column":19}},"44":{"start":{"line":119,"column":16},"end":{"line":121,"column":19}},"45":{"start":{"line":124,"column":35},"end":{"line":124,"column":48}},"46":{"start":{"line":125,"column":27},"end":{"line":125,"column":30}},"47":{"start":{"line":126,"column":12},"end":{"line":126,"column":51}}},"fnMap":{"0":{"name":"(anonymous_0)","decl":{"start":{"line":9,"column":4},"end":{"line":9,"column":5}},"loc":{"start":{"line":9,"column":36},"end":{"line":20,"column":5}},"line":9},"1":{"name":"(anonymous_1)","decl":{"start":{"line":23,"column":4},"end":{"line":23,"column":5}},"loc":{"start":{"line":23,"column":35},"end":{"line":42,"column":9}},"line":23},"2":{"name":"(anonymous_2)","decl":{"start":{"line":44,"column":4},"end":{"line":44,"column":5}},"loc":{"start":{"line":44,"column":38},"end":{"line":71,"column":5}},"line":44},"3":{"name":"(anonymous_3)","decl":{"start":{"line":52,"column":54},"end":{"line":52,"column":55}},"loc":{"start":{"line":52,"column":76},"end":{"line":64,"column":13}},"line":52},"4":{"name":"(anonymous_4)","decl":{"start":{"line":74,"column":4},"end":{"line":74,"column":5}},"loc":{"start":{"line":74,"column":38},"end":{"line":102,"column":5}},"line":74},"5":{"name":"(anonymous_5)","decl":{"start":{"line":105,"column":4},"end":{"line":105,"column":5}},"loc":{"start":{"line":105,"column":38},"end":{"line":128,"column":5}},"line":105}},"branchMap":{"0":{"loc":{"start":{"line":27,"column":16},"end":{"line":35,"column":17}},"type":"if","locations":[{"start":{"line":27,"column":16},"end":{"line":35,"column":17}},{"start":{"line":31,"column":23},"end":{"line":35,"column":17}}],"line":27},"1":{"loc":{"start":{"line":53,"column":16},"end":{"line":55,"column":17}},"type":"if","locations":[{"start":{"line":53,"column":16},"end":{"line":55,"column":17}},{"start":{},"end":{}}],"line":53},"2":{"loc":{"start":{"line":85,"column":12},"end":{"line":95,"column":13}},"type":"if","locations":[{"start":{"line":85,"column":12},"end":{"line":95,"column":13}},{"start":{"line":89,"column":19},"end":{"line":95,"column":13}}],"line":85},"3":{"loc":{"start":{"line":114,"column":12},"end":{"line":122,"column":13}},"type":"if","locations":[{"start":{"line":114,"column":12},"end":{"line":122,"column":13}},{"start":{"line":118,"column":19},"end":{"line":122,"column":13}}],"line":114}},"s":{"0":2,"1":2,"2":2,"3":0,"4":0,"5":0,"6":0,"7":0,"8":0,"9":0,"10":0,"11":0,"12":0,"13":0,"14":0,"15":0,"16":0,"17":0,"18":0,"19":0,"20":0,"21":0,"22":0,"23":0,"24":0,"25":0,"26":0,"27":0,"28":0,"29":0,"30":0,"31":0,"32":0,"33":0,"34":0,"35":0,"36":0,"37":0,"38":0,"39":0,"40":0,"41":0,"42":0,"43":0,"44":0,"45":0,"46":0,"47":0},"f":{"0":2,"1":0,"2":0,"3":0,"4":0,"5":0},"b":{"0":[0,0],"1":[0,0],"2":[0,0],"3":[0,0]},"_coverageSchema":"1a1c01bbd47fc00a2c39e90264f33305004495a9","hash":"93fc6954245455c82fdfc9f5504a7a6a2dc0c1a8"}
,"E:\\mybrand-backend\\src\\controllers\\commentController.js": {"path":"E:\\mybrand-backend\\src\\controllers\\commentController.js","statementMap":{"0":{"start":{"line":7,"column":23},"end":{"line":7,"column":33}},"1":{"start":{"line":8,"column":18},"end":{"line":8,"column":20}},"2":{"start":{"line":9,"column":29},"end":{"line":9,"column":37}},"3":{"start":{"line":10,"column":29},"end":{"line":10,"column":37}},"4":{"start":{"line":11,"column":27},"end":{"line":11,"column":65}},"5":{"start":{"line":12,"column":28},"end":{"line":12,"column":112}},"6":{"start":{"line":13,"column":8},"end":{"line":16,"column":10}}},"fnMap":{"0":{"name":"(anonymous_0)","decl":{"start":{"line":6,"column":4},"end":{"line":6,"column":5}},"loc":{"start":{"line":6,"column":41},"end":{"line":17,"column":5}},"line":6}},"branchMap":{},"s":{"0":0,"1":0,"2":0,"3":0,"4":0,"5":0,"6":0},"f":{"0":0},"b":{},"_coverageSchema":"1a1c01bbd47fc00a2c39e90264f33305004495a9","hash":"b1575d09e9a54028ec7f99517a875e6f2d00b620"}
,"E:\\mybrand-backend\\src\\controllers\\loginController.js": {"path":"E:\\mybrand-backend\\src\\controllers\\loginController.js","statementMap":{"0":{"start":{"line":6,"column":15},"end":{"line":6,"column":23}},"1":{"start":{"line":8,"column":24},"end":{"line":49,"column":1}},"2":{"start":{"line":10,"column":32},"end":{"line":10,"column":40}},"3":{"start":{"line":11,"column":4},"end":{"line":47,"column":5}},"4":{"start":{"line":12,"column":21},"end":{"line":12,"column":50}},"5":{"start":{"line":13,"column":8},"end":{"line":41,"column":9}},"6":{"start":{"line":14,"column":12},"end":{"line":16,"column":15}},"7":{"start":{"line":19,"column":34},"end":{"line":19,"column":79}},"8":{"start":{"line":22,"column":12},"end":{"line":40,"column":13}},"9":{"start":{"line":23,"column":16},"end":{"line":25,"column":19}},"10":{"start":{"line":28,"column":30},"end":{"line":28,"column":106}},"11":{"start":{"line":30,"column":16},"end":{"line":39,"column":19}},"12":{"start":{"line":43,"column":8},"end":{"line":43,"column":27}},"13":{"start":{"line":44,"column":8},"end":{"line":46,"column":11}}},"fnMap":{"0":{"name":"(anonymous_0)","decl":{"start":{"line":8,"column":24},"end":{"line":8,"column":25}},"loc":{"start":{"line":8,"column":43},"end":{"line":49,"column":1}},"line":8}},"branchMap":{"0":{"loc":{"start":{"line":13,"column":8},"end":{"line":41,"column":9}},"type":"if","locations":[{"start":{"line":13,"column":8},"end":{"line":41,"column":9}},{"start":{"line":17,"column":15},"end":{"line":41,"column":9}}],"line":13},"1":{"loc":{"start":{"line":22,"column":12},"end":{"line":40,"column":13}},"type":"if","locations":[{"start":{"line":22,"column":12},"end":{"line":40,"column":13}},{"start":{"line":26,"column":19},"end":{"line":40,"column":13}}],"line":22}},"s":{"0":3,"1":3,"2":0,"3":0,"4":0,"5":0,"6":0,"7":0,"8":0,"9":0,"10":0,"11":0,"12":0,"13":0},"f":{"0":0},"b":{"0":[0,0],"1":[0,0]},"_coverageSchema":"1a1c01bbd47fc00a2c39e90264f33305004495a9","hash":"2f57464717144249d8b6bfd599fe11cb9adc799b"}
,"E:\\mybrand-backend\\src\\controllers\\logoutController.js": {"path":"E:\\mybrand-backend\\src\\controllers\\logoutController.js","statementMap":{"0":{"start":{"line":4,"column":8},"end":{"line":6,"column":10}}},"fnMap":{"0":{"name":"(anonymous_0)","decl":{"start":{"line":2,"column":4},"end":{"line":2,"column":5}},"loc":{"start":{"line":2,"column":34},"end":{"line":7,"column":5}},"line":2}},"branchMap":{},"s":{"0":0},"f":{"0":0},"b":{},"_coverageSchema":"1a1c01bbd47fc00a2c39e90264f33305004495a9","hash":"1f4605bbde4b5cf2de96303064b3243df3a9a119"}
,"E:\\mybrand-backend\\src\\controllers\\queryController.js": {"path":"E:\\mybrand-backend\\src\\controllers\\queryController.js","statementMap":{"0":{"start":{"line":7,"column":8},"end":{"line":16,"column":9}},"1":{"start":{"line":8,"column":28},"end":{"line":8,"column":46}},"2":{"start":{"line":9,"column":12},"end":{"line":11,"column":15}},"3":{"start":{"line":13,"column":35},"end":{"line":13,"column":48}},"4":{"start":{"line":14,"column":27},"end":{"line":14,"column":30}},"5":{"start":{"line":15,"column":12},"end":{"line":15,"column":51}},"6":{"start":{"line":20,"column":8},"end":{"line":37,"column":9}},"7":{"start":{"line":21,"column":27},"end":{"line":21,"column":37}},"8":{"start":{"line":22,"column":26},"end":{"line":22,"column":58}},"9":{"start":{"line":23,"column":12},"end":{"line":31,"column":13}},"10":{"start":{"line":24,"column":16},"end":{"line":26,"column":19}},"11":{"start":{"line":28,"column":16},"end":{"line":30,"column":19}},"12":{"start":{"line":33,"column":12},"end":{"line":33,"column":39}},"13":{"start":{"line":34,"column":35},"end":{"line":34,"column":48}},"14":{"start":{"line":35,"column":27},"end":{"line":35,"column":30}},"15":{"start":{"line":36,"column":12},"end":{"line":36,"column":51}},"16":{"start":{"line":41,"column":8},"end":{"line":52,"column":9}},"17":{"start":{"line":42,"column":49},"end":{"line":42,"column":57}},"18":{"start":{"line":43,"column":29},"end":{"line":43,"column":77}},"19":{"start":{"line":44,"column":12},"end":{"line":47,"column":15}},"20":{"start":{"line":49,"column":35},"end":{"line":49,"column":48}},"21":{"start":{"line":50,"column":27},"end":{"line":50,"column":30}},"22":{"start":{"line":51,"column":12},"end":{"line":51,"column":51}},"23":{"start":{"line":56,"column":8},"end":{"line":74,"column":9}},"24":{"start":{"line":57,"column":27},"end":{"line":57,"column":37}},"25":{"start":{"line":58,"column":24},"end":{"line":58,"column":26}},"26":{"start":{"line":59,"column":37},"end":{"line":59,"column":71}},"27":{"start":{"line":61,"column":12},"end":{"line":69,"column":13}},"28":{"start":{"line":62,"column":16},"end":{"line":64,"column":19}},"29":{"start":{"line":66,"column":16},"end":{"line":68,"column":19}},"30":{"start":{"line":71,"column":35},"end":{"line":71,"column":48}},"31":{"start":{"line":72,"column":27},"end":{"line":72,"column":30}},"32":{"start":{"line":73,"column":12},"end":{"line":73,"column":51}}},"fnMap":{"0":{"name":"(anonymous_0)","decl":{"start":{"line":6,"column":4},"end":{"line":6,"column":5}},"loc":{"start":{"line":6,"column":38},"end":{"line":17,"column":5}},"line":6},"1":{"name":"(anonymous_1)","decl":{"start":{"line":19,"column":4},"end":{"line":19,"column":5}},"loc":{"start":{"line":19,"column":36},"end":{"line":38,"column":5}},"line":19},"2":{"name":"(anonymous_2)","decl":{"start":{"line":40,"column":4},"end":{"line":40,"column":5}},"loc":{"start":{"line":40,"column":39},"end":{"line":53,"column":5}},"line":40},"3":{"name":"(anonymous_3)","decl":{"start":{"line":55,"column":4},"end":{"line":55,"column":5}},"loc":{"start":{"line":55,"column":39},"end":{"line":75,"column":5}},"line":55}},"branchMap":{"0":{"loc":{"start":{"line":23,"column":12},"end":{"line":31,"column":13}},"type":"if","locations":[{"start":{"line":23,"column":12},"end":{"line":31,"column":13}},{"start":{"line":27,"column":19},"end":{"line":31,"column":13}}],"line":23},"1":{"loc":{"start":{"line":61,"column":12},"end":{"line":69,"column":13}},"type":"if","locations":[{"start":{"line":61,"column":12},"end":{"line":69,"column":13}},{"start":{"line":65,"column":19},"end":{"line":69,"column":13}}],"line":61}},"s":{"0":0,"1":0,"2":0,"3":0,"4":0,"5":0,"6":0,"7":0,"8":0,"9":0,"10":0,"11":0,"12":0,"13":0,"14":0,"15":0,"16":0,"17":0,"18":0,"19":0,"20":0,"21":0,"22":0,"23":0,"24":0,"25":0,"26":0,"27":0,"28":0,"29":0,"30":0,"31":0,"32":0},"f":{"0":0,"1":0,"2":0,"3":0},"b":{"0":[0,0],"1":[0,0]},"_coverageSchema":"1a1c01bbd47fc00a2c39e90264f33305004495a9","hash":"08522f15db1c3ef499fe77d0c88fe88edc0df3a1"}
,"E:\\mybrand-backend\\src\\controllers\\signupController.js": {"path":"E:\\mybrand-backend\\src\\controllers\\signupController.js","statementMap":{"0":{"start":{"line":5,"column":25},"end":{"line":28,"column":1}},"1":{"start":{"line":6,"column":51},"end":{"line":6,"column":59}},"2":{"start":{"line":7,"column":4},"end":{"line":26,"column":5}},"3":{"start":{"line":9,"column":31},"end":{"line":9,"column":62}},"4":{"start":{"line":12,"column":24},"end":{"line":12,"column":97}},"5":{"start":{"line":13,"column":8},"end":{"line":16,"column":11}},"6":{"start":{"line":18,"column":8},"end":{"line":22,"column":9}},"7":{"start":{"line":19,"column":12},"end":{"line":21,"column":14}},"8":{"start":{"line":23,"column":31},"end":{"line":23,"column":44}},"9":{"start":{"line":24,"column":23},"end":{"line":24,"column":26}},"10":{"start":{"line":25,"column":8},"end":{"line":25,"column":47}}},"fnMap":{"0":{"name":"(anonymous_0)","decl":{"start":{"line":5,"column":25},"end":{"line":5,"column":26}},"loc":{"start":{"line":5,"column":44},"end":{"line":28,"column":1}},"line":5}},"branchMap":{"0":{"loc":{"start":{"line":18,"column":8},"end":{"line":22,"column":9}},"type":"if","locations":[{"start":{"line":18,"column":8},"end":{"line":22,"column":9}},{"start":{},"end":{}}],"line":18}},"s":{"0":3,"1":0,"2":0,"3":0,"4":0,"5":0,"6":0,"7":0,"8":0,"9":0,"10":0},"f":{"0":0},"b":{"0":[0,0]},"_coverageSchema":"1a1c01bbd47fc00a2c39e90264f33305004495a9","hash":"ef922d2b95cef4637f1e0269c02c4a86074f2b07"}
,"E:\\mybrand-backend\\src\\middleware\\loginValidate.js": {"path":"E:\\mybrand-backend\\src\\middleware\\loginValidate.js","statementMap":{"0":{"start":{"line":5,"column":21},"end":{"line":10,"column":2}},"1":{"start":{"line":12,"column":22},"end":{"line":22,"column":1}},"2":{"start":{"line":13,"column":22},"end":{"line":16,"column":6}},"3":{"start":{"line":17,"column":4},"end":{"line":20,"column":5}},"4":{"start":{"line":18,"column":8},"end":{"line":18,"column":35}},"5":{"start":{"line":19,"column":8},"end":{"line":19,"column":42}},"6":{"start":{"line":21,"column":4},"end":{"line":21,"column":11}}},"fnMap":{"0":{"name":"(anonymous_0)","decl":{"start":{"line":12,"column":22},"end":{"line":12,"column":23}},"loc":{"start":{"line":12,"column":42},"end":{"line":22,"column":1}},"line":12}},"branchMap":{"0":{"loc":{"start":{"line":17,"column":4},"end":{"line":20,"column":5}},"type":"if","locations":[{"start":{"line":17,"column":4},"end":{"line":20,"column":5}},{"start":{},"end":{}}],"line":17}},"s":{"0":3,"1":3,"2":0,"3":0,"4":0,"5":0,"6":0},"f":{"0":0},"b":{"0":[0,0]},"_coverageSchema":"1a1c01bbd47fc00a2c39e90264f33305004495a9","hash":"10a2a66a13548dee6418855f490ff745f653f070"}
,"E:\\mybrand-backend\\src\\middleware\\multer.js": {"path":"E:\\mybrand-backend\\src\\middleware\\multer.js","statementMap":{"0":{"start":{"line":3,"column":15},"end":{"line":3,"column":43}}},"fnMap":{},"branchMap":{},"s":{"0":3},"f":{},"b":{},"_coverageSchema":"1a1c01bbd47fc00a2c39e90264f33305004495a9","hash":"79c028d61c1c76a626f8f3c2ae0c0f6cbbb3cf9a"}
,"E:\\mybrand-backend\\src\\middleware\\signupValidate.js": {"path":"E:\\mybrand-backend\\src\\middleware\\signupValidate.js","statementMap":{"0":{"start":{"line":5,"column":21},"end":{"line":10,"column":2}},"1":{"start":{"line":12,"column":23},"end":{"line":22,"column":1}},"2":{"start":{"line":13,"column":22},"end":{"line":16,"column":6}},"3":{"start":{"line":17,"column":4},"end":{"line":20,"column":5}},"4":{"start":{"line":18,"column":8},"end":{"line":18,"column":35}},"5":{"start":{"line":19,"column":8},"end":{"line":19,"column":42}},"6":{"start":{"line":21,"column":4},"end":{"line":21,"column":11}}},"fnMap":{"0":{"name":"(anonymous_0)","decl":{"start":{"line":12,"column":23},"end":{"line":12,"column":24}},"loc":{"start":{"line":12,"column":43},"end":{"line":22,"column":1}},"line":12}},"branchMap":{"0":{"loc":{"start":{"line":17,"column":4},"end":{"line":20,"column":5}},"type":"if","locations":[{"start":{"line":17,"column":4},"end":{"line":20,"column":5}},{"start":{},"end":{}}],"line":17}},"s":{"0":3,"1":3,"2":0,"3":0,"4":0,"5":0,"6":0},"f":{"0":0},"b":{"0":[0,0]},"_coverageSchema":"1a1c01bbd47fc00a2c39e90264f33305004495a9","hash":"83749e9ddc3d8e18baf81e6ce2029def53e1cd88"}
,"E:\\mybrand-backend\\src\\middleware\\verifyAdmin.js": {"path":"E:\\mybrand-backend\\src\\middleware\\verifyAdmin.js","statementMap":{"0":{"start":{"line":2,"column":20},"end":{"line":37,"column":1}},"1":{"start":{"line":3,"column":4},"end":{"line":5,"column":5}},"2":{"start":{"line":4,"column":8},"end":{"line":4,"column":22}},"3":{"start":{"line":7,"column":23},"end":{"line":7,"column":48}},"4":{"start":{"line":11,"column":4},"end":{"line":34,"column":5}},"5":{"start":{"line":12,"column":8},"end":{"line":14,"column":11}},"6":{"start":{"line":16,"column":22},"end":{"line":16,"column":46}},"7":{"start":{"line":18,"column":8},"end":{"line":32,"column":9}},"8":{"start":{"line":19,"column":33},"end":{"line":19,"column":91}},"9":{"start":{"line":21,"column":12},"end":{"line":25,"column":13}},"10":{"start":{"line":22,"column":16},"end":{"line":24,"column":19}},"11":{"start":{"line":26,"column":12},"end":{"line":26,"column":19}},"12":{"start":{"line":29,"column":12},"end":{"line":31,"column":14}}},"fnMap":{"0":{"name":"(anonymous_0)","decl":{"start":{"line":2,"column":20},"end":{"line":2,"column":21}},"loc":{"start":{"line":2,"column":45},"end":{"line":37,"column":1}},"line":2}},"branchMap":{"0":{"loc":{"start":{"line":3,"column":4},"end":{"line":5,"column":5}},"type":"if","locations":[{"start":{"line":3,"column":4},"end":{"line":5,"column":5}},{"start":{},"end":{}}],"line":3},"1":{"loc":{"start":{"line":11,"column":4},"end":{"line":34,"column":5}},"type":"if","locations":[{"start":{"line":11,"column":4},"end":{"line":34,"column":5}},{"start":{"line":15,"column":11},"end":{"line":34,"column":5}}],"line":11},"2":{"loc":{"start":{"line":21,"column":12},"end":{"line":25,"column":13}},"type":"if","locations":[{"start":{"line":21,"column":12},"end":{"line":25,"column":13}},{"start":{},"end":{}}],"line":21}},"s":{"0":3,"1":0,"2":0,"3":0,"4":0,"5":0,"6":0,"7":0,"8":0,"9":0,"10":0,"11":0,"12":0},"f":{"0":0},"b":{"0":[0,0],"1":[0,0],"2":[0,0]},"_coverageSchema":"1a1c01bbd47fc00a2c39e90264f33305004495a9","hash":"db2e923a42e62dea1a866b14c460513ce99482cf"}
,"E:\\mybrand-backend\\src\\model\\blog.js": {"path":"E:\\mybrand-backend\\src\\model\\blog.js","statementMap":{"0":{"start":{"line":3,"column":19},"end":{"line":27,"column":2}},"1":{"start":{"line":29,"column":13},"end":{"line":29,"column":47}}},"fnMap":{},"branchMap":{},"s":{"0":3,"1":3},"f":{},"b":{},"_coverageSchema":"1a1c01bbd47fc00a2c39e90264f33305004495a9","hash":"f5ecef67647a21ca25d6d4b024ed9404191bb359"}
,"E:\\mybrand-backend\\src\\model\\query.js": {"path":"E:\\mybrand-backend\\src\\model\\query.js","statementMap":{"0":{"start":{"line":3,"column":20},"end":{"line":21,"column":2}},"1":{"start":{"line":23,"column":14},"end":{"line":23,"column":50}}},"fnMap":{},"branchMap":{},"s":{"0":3,"1":3},"f":{},"b":{},"_coverageSchema":"1a1c01bbd47fc00a2c39e90264f33305004495a9","hash":"1185c94362b1cd0aaaed41eb50f9c286a936fb22"}
,"E:\\mybrand-backend\\src\\model\\user.js": {"path":"E:\\mybrand-backend\\src\\model\\user.js","statementMap":{"0":{"start":{"line":4,"column":19},"end":{"line":29,"column":2}},"1":{"start":{"line":33,"column":13},"end":{"line":33,"column":47}}},"fnMap":{},"branchMap":{},"s":{"0":3,"1":3},"f":{},"b":{},"_coverageSchema":"1a1c01bbd47fc00a2c39e90264f33305004495a9","hash":"1675d1bab377ebbf143dccd50da224a5fca5d07a"}
,"E:\\mybrand-backend\\src\\routes\\allRoutes.js": {"path":"E:\\mybrand-backend\\src\\routes\\allRoutes.js","statementMap":{"0":{"start":{"line":10,"column":15},"end":{"line":10,"column":31}},"1":{"start":{"line":13,"column":0},"end":{"line":13,"column":31}},"2":{"start":{"line":14,"column":0},"end":{"line":14,"column":34}},"3":{"start":{"line":15,"column":0},"end":{"line":15,"column":32}},"4":{"start":{"line":16,"column":0},"end":{"line":16,"column":34}},"5":{"start":{"line":17,"column":0},"end":{"line":17,"column":37}},"6":{"start":{"line":18,"column":0},"end":{"line":18,"column":29}},"7":{"start":{"line":21,"column":0},"end":{"line":25,"column":3}},"8":{"start":{"line":22,"column":4},"end":{"line":24,"column":7}}},"fnMap":{"0":{"name":"(anonymous_0)","decl":{"start":{"line":21,"column":11},"end":{"line":21,"column":12}},"loc":{"start":{"line":21,"column":25},"end":{"line":25,"column":1}},"line":21}},"branchMap":{},"s":{"0":3,"1":3,"2":3,"3":3,"4":3,"5":3,"6":3,"7":3,"8":1},"f":{"0":1},"b":{},"_coverageSchema":"1a1c01bbd47fc00a2c39e90264f33305004495a9","hash":"f6f7571f353c69881d6e8747e0646b71cad80898"}
,"E:\\mybrand-backend\\src\\routes\\blogRoute.js": {"path":"E:\\mybrand-backend\\src\\routes\\blogRoute.js","statementMap":{"0":{"start":{"line":7,"column":15},"end":{"line":7,"column":31}},"1":{"start":{"line":9,"column":0},"end":{"line":9,"column":41}},"2":{"start":{"line":10,"column":0},"end":{"line":10,"column":42}},"3":{"start":{"line":11,"column":0},"end":{"line":11,"column":68}},"4":{"start":{"line":12,"column":0},"end":{"line":12,"column":58}},"5":{"start":{"line":13,"column":0},"end":{"line":13,"column":61}}},"fnMap":{},"branchMap":{},"s":{"0":3,"1":3,"2":3,"3":3,"4":3,"5":3},"f":{},"b":{},"_coverageSchema":"1a1c01bbd47fc00a2c39e90264f33305004495a9","hash":"20d3e74c06e27339a7251ecd7ce60dd387168533"}
,"E:\\mybrand-backend\\src\\routes\\commentRoute.js": {"path":"E:\\mybrand-backend\\src\\routes\\commentRoute.js","statementMap":{"0":{"start":{"line":4,"column":15},"end":{"line":4,"column":31}},"1":{"start":{"line":6,"column":0},"end":{"line":6,"column":42}},"2":{"start":{"line":7,"column":0},"end":{"line":11,"column":3}},"3":{"start":{"line":7,"column":31},"end":{"line":11,"column":2}}},"fnMap":{"0":{"name":"(anonymous_0)","decl":{"start":{"line":7,"column":17},"end":{"line":7,"column":18}},"loc":{"start":{"line":7,"column":31},"end":{"line":11,"column":2}},"line":7}},"branchMap":{},"s":{"0":3,"1":3,"2":3,"3":0},"f":{"0":0},"b":{},"_coverageSchema":"1a1c01bbd47fc00a2c39e90264f33305004495a9","hash":"eff779e0c56db139d05e3e0efcfd3973081c2e48"}
,"E:\\mybrand-backend\\src\\routes\\loginRoute.js": {"path":"E:\\mybrand-backend\\src\\routes\\loginRoute.js","statementMap":{"0":{"start":{"line":5,"column":15},"end":{"line":5,"column":31}},"1":{"start":{"line":7,"column":0},"end":{"line":7,"column":49}}},"fnMap":{},"branchMap":{},"s":{"0":3,"1":3},"f":{},"b":{},"_coverageSchema":"1a1c01bbd47fc00a2c39e90264f33305004495a9","hash":"5cfc84065ecdc7770ed41b7d7d5d8ef0d2af6342"}
,"E:\\mybrand-backend\\src\\routes\\logoutRoute.js": {"path":"E:\\mybrand-backend\\src\\routes\\logoutRoute.js","statementMap":{"0":{"start":{"line":4,"column":15},"end":{"line":4,"column":31}},"1":{"start":{"line":6,"column":0},"end":{"line":6,"column":32}}},"fnMap":{},"branchMap":{},"s":{"0":3,"1":3},"f":{},"b":{},"_coverageSchema":"1a1c01bbd47fc00a2c39e90264f33305004495a9","hash":"e67aeb823040d7cc81f781c5821415a827a41dae"}
,"E:\\mybrand-backend\\src\\routes\\queryRoute.js": {"path":"E:\\mybrand-backend\\src\\routes\\queryRoute.js","statementMap":{"0":{"start":{"line":5,"column":15},"end":{"line":5,"column":31}},"1":{"start":{"line":7,"column":0},"end":{"line":7,"column":57}},"2":{"start":{"line":8,"column":0},"end":{"line":8,"column":45}},"3":{"start":{"line":9,"column":0},"end":{"line":9,"column":46}},"4":{"start":{"line":10,"column":0},"end":{"line":10,"column":64}}},"fnMap":{},"branchMap":{},"s":{"0":3,"1":3,"2":3,"3":3,"4":3},"f":{},"b":{},"_coverageSchema":"1a1c01bbd47fc00a2c39e90264f33305004495a9","hash":"1410320d1e7f8a4272a3a54700131310b74f82b8"}
,"E:\\mybrand-backend\\src\\routes\\signupRoute.js": {"path":"E:\\mybrand-backend\\src\\routes\\signupRoute.js","statementMap":{"0":{"start":{"line":5,"column":15},"end":{"line":5,"column":31}},"1":{"start":{"line":7,"column":0},"end":{"line":7,"column":51}}},"fnMap":{},"branchMap":{},"s":{"0":3,"1":3},"f":{},"b":{},"_coverageSchema":"1a1c01bbd47fc00a2c39e90264f33305004495a9","hash":"ec3e233070773358d8fe0fa145bbdc66216507e0"}
,"E:\\mybrand-backend\\src\\utils\\errorFunc.js": {"path":"E:\\mybrand-backend\\src\\utils\\errorFunc.js","statementMap":{"0":{"start":{"line":1,"column":18},"end":{"line":5,"column":1}},"1":{"start":{"line":2,"column":2},"end":{"line":4,"column":5}}},"fnMap":{"0":{"name":"(anonymous_0)","decl":{"start":{"line":1,"column":18},"end":{"line":1,"column":19}},"loc":{"start":{"line":1,"column":51},"end":{"line":5,"column":1}},"line":1}},"branchMap":{},"s":{"0":3,"1":0},"f":{"0":0},"b":{},"_coverageSchema":"1a1c01bbd47fc00a2c39e90264f33305004495a9","hash":"0f931fdbd13b4f40bef2971c5e6d749a050d79d3"}
}
